#
# A fatal error has been detected by the Java Runtime Environment:
#
#  SIGBUS (0xa) at pc=0x000000010d8c5553, pid=14875, tid=0x0000000000005103
#
# JRE version: Java(TM) SE Runtime Environment (8.0_181-b13) (build 1.8.0_181-b13)
# Java VM: Java HotSpot(TM) 64-Bit Server VM (25.181-b13 mixed mode bsd-amd64 compressed oops)
# Problematic frame:
# V  [libjvm.dylib+0x2c5553]
#
# Failed to write core dump. Core dumps have been disabled. To enable core dumping, try "ulimit -c unlimited" before starting Java again
#
# If you would like to submit a bug report, please visit:
#   http://bugreport.java.com/bugreport/crash.jsp
#

---------------  T H R E A D  ---------------

Current thread (0x00007fb0b7807000):  VMThread [stack: 0x0000700003958000,0x0000700003a58000] [id=20739]

siginfo: si_signo: 10 (SIGBUS), si_code: 2 (BUS_ADRERR), si_addr: 0x00007fff5a419809

Registers:
RAX=0x000000010deefda4, RBX=0x00007fb0b7807000, RCX=0x00007fff5a419815, RDX=0x00007fb0b7807000
RSP=0x0000700003a57080, RBP=0x0000700003a570b0, RSI=0x0000000000000003, RDI=0x00000007c00016d0
R8 =0x0000000000000000, R9 =0x0000000000000000, R10=0x0000700003a57208, R11=0xfffff04f4b1b7870
R12=0x00007fff5a4197fd, R13=0x0000000000000000, R14=0x00000007c00016d0, R15=0x0000000000000003
RIP=0x000000010d8c5553, EFLAGS=0x0000000000010202, ERR=0x0000000000000007
  TRAPNO=0x000000000000000e

Top of Stack: (sp=0x0000700003a57080)
0x0000700003a57080:   0000000000000000 0000000000000000
0x0000700003a57090:   00007fb0b7807000 0000700003a572e8
0x0000700003a570a0:   0000000010000031 000000000000004d
0x0000700003a570b0:   0000700003a570d0 000000010d8c30e1
0x0000700003a570c0:   00007fb0b7807000 000000000000004d
0x0000700003a570d0:   0000700003a57100 000000010d8f53a6
0x0000700003a570e0:   0000000000000200 00007fb0b7807000
0x0000700003a570f0:   0000700003a572e8 000000000000004d
0x0000700003a57100:   0000700003a57130 000000010d8f762d
0x0000700003a57110:   0000700003a57208 0000000118813160
0x0000700003a57120:   00007fb0b7807000 0000000000000000
0x0000700003a57130:   0000700003a57200 000000010d843de7
0x0000700003a57140:   0000700003a57220 0000000000000000
0x0000700003a57150:   0000000000000000 0000000000000003
0x0000700003a57160:   000000000000000c 000000010dbf52e4
0x0000700003a57170:   00007fb0b889fac0 000000002a000000
0x0000700003a57180:   0000700003a571d0 00007fff73506a5f
0x0000700003a57190:   0000700003a572e0 0000000000000005
0x0000700003a571a0:   0000000000000000 0000000000000000
0x0000700003a571b0:   0000700003a57160 0000700003a571a1
0x0000700003a571c0:   0000000800000000 000000010dc0ac00
0x0000700003a571d0:   0000000000000000 0000700003a576f8
0x0000700003a571e0:   0000000118813160 0000000118420928
0x0000700003a571f0:   00007fffa6257070 0000700003a572e8
0x0000700003a57200:   0000700003a57220 000000010d843eb6
0x0000700003a57210:   0000700000000000 0000700003a57150
0x0000700003a57220:   0000700003a57510 000000010d887b87
0x0000700003a57230:   0000000000000001 0000000000000000
0x0000700003a57240:   0000000000000001 0000000000000000
0x0000700003a57250:   000000004fffffff 000000002a000000
0x0000700003a57260:   0000000000000001 0000700003a57388
0x0000700003a57270:   000000010dc0ac1f 0000000000000000 

Instructions: (pc=0x000000010d8c5553)
0x000000010d8c5533:   d7 de ff 49 89 c4 48 8b 43 08 48 85 c0 74 05 45
0x000000010d8c5543:   31 e4 eb 3b 48 8d 05 56 a8 62 00 80 38 00 74 09
0x000000010d8c5553:   41 c7 44 24 0c 00 00 00 00 41 83 ff 02 74 1c 49
0x000000010d8c5563:   8d 44 24 10 49 63 cf 48 83 c1 fe 48 c7 00 00 00 

Register to memory mapping:

RAX=0x000000010deefda4: UseCompressedClassPointers+0 in /Library/Java/JavaVirtualMachines/jdk1.8.0_181.jdk/Contents/Home/jre/lib/server/libjvm.dylib at 0x000000010d600000
RBX=0x00007fb0b7807000 is an unknown value
RCX=0x00007fff5a419815 is an unknown value
RDX=0x00007fb0b7807000 is an unknown value
RSP=0x0000700003a57080 is an unknown value
RBP=0x0000700003a570b0 is an unknown value
RSI=0x0000000000000003 is an unknown value
RDI=0x00000007c00016d0 is pointing into metadata
R8 =0x0000000000000000 is an unknown value
R9 =0x0000000000000000 is an unknown value
R10=0x0000700003a57208 is an unknown value
R11=0xfffff04f4b1b7870 is an unknown value
R12=0x00007fff5a4197fd is an unknown value
R13=0x0000000000000000 is an unknown value
R14=0x00000007c00016d0 is pointing into metadata
R15=0x0000000000000003 is an unknown value


Stack: [0x0000700003958000,0x0000700003a58000],  sp=0x0000700003a57080,  free space=1020k
Native frames: (J=compiled Java code, j=interpreted, Vv=VM code, C=native code)
V  [libjvm.dylib+0x2c5553]
V  [libjvm.dylib+0x2c30e1]
V  [libjvm.dylib+0x2f53a6]
V  [libjvm.dylib+0x2f762d]
V  [libjvm.dylib+0x243de7]
V  [libjvm.dylib+0x243eb6]
V  [libjvm.dylib+0x287b87]
V  [libjvm.dylib+0x2881e6]
V  [libjvm.dylib+0x28a913]
V  [libjvm.dylib+0x28aa3b]
V  [libjvm.dylib+0x28afd2]
V  [libjvm.dylib+0x28b3eb]
V  [libjvm.dylib+0x485331]
V  [libjvm.dylib+0x48553a]
V  [libjvm.dylib+0x48571b]
V  [libjvm.dylib+0x4859d2]
V  [libjvm.dylib+0x2c2b04]
V  [libjvm.dylib+0x45306d]
V  [libjvm.dylib+0x39afbf]
V  [libjvm.dylib+0x5bd499]
V  [libjvm.dylib+0x5bba31]
V  [libjvm.dylib+0x5bbe7e]
V  [libjvm.dylib+0x5bb79d]
V  [libjvm.dylib+0x48e342]
C  [libsystem_pthread.dylib+0x3305]  _pthread_body+0x7e
C  [libsystem_pthread.dylib+0x626f]  _pthread_start+0x46
C  [libsystem_pthread.dylib+0x2415]  thread_start+0xd

VM_Operation (0x0000700003e63958): GetOrSetLocal, mode: safepoint, requested by thread 0x00007fb0b781a000


---------------  P R O C E S S  ---------------

Java Threads: ( => current thread )
  0x00007fb0b9092800 JavaThread "Service Thread" daemon [_thread_blocked, id=14339, stack(0x0000700004376000,0x0000700004476000)]
  0x00007fb0b8070000 JavaThread "C1 CompilerThread2" daemon [_thread_blocked, id=16643, stack(0x0000700004273000,0x0000700004373000)]
  0x00007fb0b88af800 JavaThread "C2 CompilerThread1" daemon [_thread_blocked, id=14083, stack(0x0000700004170000,0x0000700004270000)]
  0x00007fb0b887c800 JavaThread "C2 CompilerThread0" daemon [_thread_blocked, id=17155, stack(0x000070000406d000,0x000070000416d000)]
  0x00007fb0b902d800 JavaThread "JDWP Command Reader" daemon [_thread_in_native, id=17411, stack(0x0000700003f6a000,0x000070000406a000)]
  0x00007fb0b781b000 JavaThread "JDWP Event Helper Thread" daemon [_thread_blocked, id=13315, stack(0x0000700003e67000,0x0000700003f67000)]
  0x00007fb0b781a000 JavaThread "JDWP Transport Listener: dt_socket" daemon [_thread_blocked, id=17927, stack(0x0000700003d64000,0x0000700003e64000)]
  0x00007fb0b902a000 JavaThread "Signal Dispatcher" daemon [_thread_blocked, id=12803, stack(0x0000700003c61000,0x0000700003d61000)]
  0x00007fb0b7807800 JavaThread "Finalizer" daemon [_thread_blocked, id=11779, stack(0x0000700003b5e000,0x0000700003c5e000)]
  0x00007fb0b9016000 JavaThread "Reference Handler" daemon [_thread_blocked, id=11523, stack(0x0000700003a5b000,0x0000700003b5b000)]
  0x00007fb0b7806000 JavaThread "main" [_thread_blocked, id=6147, stack(0x0000700003449000,0x0000700003549000)]

Other Threads:
=>0x00007fb0b7807000 VMThread [stack: 0x0000700003958000,0x0000700003a58000] [id=20739]
  0x00007fb0b9090000 WatcherThread [stack: 0x0000700004479000,0x0000700004579000] [id=14595]

VM state:at safepoint (normal execution)

VM Mutex/Monitor currently owned by a thread:  ([mutex/lock_event])
[0x00007fb0b7503b20] Threads_lock - owner thread: 0x00007fb0b7807000

Heap:
 PSYoungGen      total 76288K, used 5242K [0x000000076ab00000, 0x0000000770000000, 0x00000007c0000000)
  eden space 65536K, 8% used [0x000000076ab00000,0x000000076b01ebe8,0x000000076eb00000)
  from space 10752K, 0% used [0x000000076f580000,0x000000076f580000,0x0000000770000000)
  to   space 10752K, 0% used [0x000000076eb00000,0x000000076eb00000,0x000000076f580000)
 ParOldGen       total 175104K, used 0K [0x00000006c0000000, 0x00000006cab00000, 0x000000076ab00000)
  object space 175104K, 0% used [0x00000006c0000000,0x00000006c0000000,0x00000006cab00000)
 Metaspace       used 3194K, capacity 4600K, committed 4864K, reserved 1056768K
  class space    used 340K, capacity 424K, committed 512K, reserved 1048576K

Card table byte_map: [0x000000010ea6b000,0x000000010f26c000] byte_map_base: 0x000000010b46b000

Marking Bits: (ParMarkBitMap*) 0x000000010def9cd0
 Begin Bits: [0x000000010f7c2000, 0x00000001137c2000)
 End Bits:   [0x00000001137c2000, 0x00000001177c2000)

Polling page: 0x000000010e5b4000

CodeCache: size=245760Kb used=1159Kb max_used=1159Kb free=244600Kb
 bounds [0x000000011bfca000, 0x000000011c23a000, 0x000000012afca000]
 total_blobs=272 nmethods=37 adapters=157
 compilation: enabled

Compilation events (10 events):
Event: 0.378 Thread 0x00007fb0b8070000   32       1       java.io.File::getPrefixLength (5 bytes)
Event: 0.378 Thread 0x00007fb0b8070000 nmethod 32 0x000000011c0e9290 code [0x000000011c0e93e0, 0x000000011c0e94f0]
Event: 0.381 Thread 0x00007fb0b8070000   34       3       java.lang.String::lastIndexOf (13 bytes)
Event: 0.382 Thread 0x00007fb0b8070000 nmethod 34 0x000000011c0e9cd0 code [0x000000011c0e9e40, 0x000000011c0ea068]
Event: 0.382 Thread 0x00007fb0b8070000   35   !   3       sun.misc.URLClassPath$JarLoader::getResource (85 bytes)
Event: 0.382 Thread 0x00007fb0b8070000 nmethod 35 0x000000011c0ea110 code [0x000000011c0ea360, 0x000000011c0eaf68]
Event: 0.382 Thread 0x00007fb0b8070000   37       3       java.lang.String::equals (81 bytes)
Event: 0.383 Thread 0x00007fb0b8070000 nmethod 37 0x000000011c0eb6d0 code [0x000000011c0eb860, 0x000000011c0ebdd0]
Event: 0.383 Thread 0x00007fb0b8070000   36       1       java.net.URL::getProtocol (5 bytes)
Event: 0.383 Thread 0x00007fb0b8070000 nmethod 36 0x000000011c0ebfd0 code [0x000000011c0ec120, 0x000000011c0ec230]

GC Heap History (0 events):
No events

Deoptimization events (0 events):
No events

Classes redefined (3 events):
Event: 920.144 Thread 0x00007fb0b7807000 redefined class name=com.ly.oj.leetcode.No_56_merge, count=1
Event: 968.767 Thread 0x00007fb0b7807000 redefined class name=com.ly.oj.leetcode.No_56_merge, count=2
Event: 1338.950 Thread 0x00007fb0b7807000 redefined class name=com.ly.oj.leetcode.No_56_merge, count=3

Internal exceptions (2 events):
Event: 0.042 Thread 0x00007fb0b7806000 Exception <a 'java/lang/NoSuchMethodError': Method sun.misc.Unsafe.defineClass(Ljava/lang/String;[BII)Ljava/lang/Class; name or signature does not match> (0x000000076ab07cb0) thrown at [/Users/java_re/workspace/8-2-build-macosx-x86_64/jdk8u181/11358/hotsp
Event: 0.042 Thread 0x00007fb0b7806000 Exception <a 'java/lang/NoSuchMethodError': Method sun.misc.Unsafe.prefetchRead(Ljava/lang/Object;J)V name or signature does not match> (0x000000076ab07f98) thrown at [/Users/java_re/workspace/8-2-build-macosx-x86_64/jdk8u181/11358/hotspot/src/share/vm/pr

Events (10 events):
Event: 1153.228 Executing VM operation: ChangeBreakpoints done
Event: 1291.243 Executing VM operation: ChangeBreakpoints
Event: 1291.244 Executing VM operation: ChangeBreakpoints done
Event: 1310.111 Executing VM operation: ChangeBreakpoints
Event: 1310.112 Executing VM operation: ChangeBreakpoints done
Event: 1338.949 Executing VM operation: RedefineClasses
Event: 1338.950 Executing VM operation: RedefineClasses done
Event: 1338.996 Executing VM operation: ChangeBreakpoints
Event: 1338.996 Executing VM operation: ChangeBreakpoints done
Event: 1339.016 Executing VM operation: GetOrSetLocal


Dynamic libraries:
0x00007fff459d1000 	/System/Library/Frameworks/Cocoa.framework/Versions/A/Cocoa
0x00007fff51c90000 	/System/Library/Frameworks/Security.framework/Versions/A/Security
0x00007fff445d8000 	/System/Library/Frameworks/ApplicationServices.framework/Versions/A/ApplicationServices
0x00007fff7327b000 	/usr/lib/libz.1.dylib
0x00007fff708f0000 	/usr/lib/libSystem.B.dylib
0x00007fff72398000 	/usr/lib/libobjc.A.dylib
0x00007fff461f4000 	/System/Library/Frameworks/CoreFoundation.framework/Versions/A/CoreFoundation
0x00007fff48579000 	/System/Library/Frameworks/Foundation.framework/Versions/C/Foundation
0x00007fff43765000 	/System/Library/Frameworks/AppKit.framework/Versions/C/AppKit
0x00007fff45d68000 	/System/Library/Frameworks/CoreData.framework/Versions/A/CoreData
0x00007fff69abe000 	/System/Library/PrivateFrameworks/RemoteViewServices.framework/Versions/A/RemoteViewServices
0x00007fff6e5be000 	/System/Library/PrivateFrameworks/UIFoundation.framework/Versions/A/UIFoundation
0x00007fff6fd76000 	/System/Library/PrivateFrameworks/XCTTargetBootstrap.framework/Versions/A/XCTTargetBootstrap
0x00007fff645c5000 	/System/Library/PrivateFrameworks/IconServices.framework/Versions/A/IconServices
0x00007fff4ae43000 	/System/Library/Frameworks/Metal.framework/Versions/A/Metal
0x00007fff5b7c7000 	/System/Library/PrivateFrameworks/DesktopServicesPriv.framework/Versions/A/DesktopServicesPriv
0x00007fff716ab000 	/usr/lib/libenergytrace.dylib
0x00007fff6c32f000 	/System/Library/PrivateFrameworks/SkyLight.framework/Versions/A/SkyLight
0x00007fff46643000 	/System/Library/Frameworks/CoreGraphics.framework/Versions/A/CoreGraphics
0x00007fff42520000 	/System/Library/Frameworks/Accelerate.framework/Versions/A/Accelerate
0x00007fff48d03000 	/System/Library/Frameworks/IOSurface.framework/Versions/A/IOSurface
0x00007fff5b629000 	/System/Library/PrivateFrameworks/DFRFoundation.framework/Versions/A/DFRFoundation
0x00007fff44add000 	/System/Library/Frameworks/AudioToolbox.framework/Versions/A/AudioToolbox
0x00007fff44d7c000 	/System/Library/Frameworks/AudioUnit.framework/Versions/A/AudioUnit
0x00007fff5b6c0000 	/System/Library/PrivateFrameworks/DataDetectorsCore.framework/Versions/A/DataDetectorsCore
0x00007fff454bb000 	/System/Library/Frameworks/Carbon.framework/Versions/A/Frameworks/HIToolbox.framework/Versions/A/HIToolbox
0x00007fff71806000 	/usr/lib/libicucore.A.dylib
0x00007fff511e3000 	/System/Library/Frameworks/QuartzCore.framework/Versions/A/QuartzCore
0x00007fff458a2000 	/System/Library/Frameworks/Carbon.framework/Versions/A/Frameworks/SpeechRecognition.framework/Versions/A/SpeechRecognition
0x00007fff70a53000 	/usr/lib/libauto.dylib
0x00007fff7316e000 	/usr/lib/libxml2.2.dylib
0x00007fff5b228000 	/System/Library/PrivateFrameworks/CoreUI.framework/Versions/A/CoreUI
0x00007fff45c46000 	/System/Library/Frameworks/CoreAudio.framework/Versions/A/CoreAudio
0x00007fff483ab000 	/System/Library/Frameworks/DiskArbitration.framework/Versions/A/DiskArbitration
0x00007fff71ab6000 	/usr/lib/liblangid.dylib
0x00007fff65a75000 	/System/Library/PrivateFrameworks/MultitouchSupport.framework/Versions/A/MultitouchSupport
0x00007fff48c6e000 	/System/Library/Frameworks/IOKit.framework/Versions/A/IOKit
0x00007fff7053e000 	/usr/lib/libDiagnosticMessagesClient.dylib
0x00007fff474b1000 	/System/Library/Frameworks/CoreServices.framework/Versions/A/CoreServices
0x00007fff677ab000 	/System/Library/PrivateFrameworks/PerformanceAnalysis.framework/Versions/A/PerformanceAnalysis
0x00007fff50378000 	/System/Library/Frameworks/OpenGL.framework/Versions/A/OpenGL
0x00007fff459df000 	/System/Library/Frameworks/ColorSync.framework/Versions/A/ColorSync
0x00007fff46cd2000 	/System/Library/Frameworks/CoreImage.framework/Versions/A/CoreImage
0x00007fff47ef4000 	/System/Library/Frameworks/CoreText.framework/Versions/A/CoreText
0x00007fff48d64000 	/System/Library/Frameworks/ImageIO.framework/Versions/A/ImageIO
0x00007fff57863000 	/System/Library/PrivateFrameworks/Backup.framework/Versions/A/Backup
0x00007fff709a6000 	/usr/lib/libarchive.2.dylib
0x00007fff450e0000 	/System/Library/Frameworks/CFNetwork.framework/Versions/A/CFNetwork
0x00007fff5243b000 	/System/Library/Frameworks/SystemConfiguration.framework/Versions/A/SystemConfiguration
0x00007fff70467000 	/usr/lib/libCRFSuite.dylib
0x00007fff70b4a000 	/usr/lib/libc++.1.dylib
0x00007fff70ba2000 	/usr/lib/libc++abi.dylib
0x00007fff732fe000 	/usr/lib/system/libcache.dylib
0x00007fff73303000 	/usr/lib/system/libcommonCrypto.dylib
0x00007fff7330e000 	/usr/lib/system/libcompiler_rt.dylib
0x00007fff73316000 	/usr/lib/system/libcopyfile.dylib
0x00007fff73320000 	/usr/lib/system/libcorecrypto.dylib
0x00007fff7342b000 	/usr/lib/system/libdispatch.dylib
0x00007fff73466000 	/usr/lib/system/libdyld.dylib
0x00007fff73496000 	/usr/lib/system/libkeymgr.dylib
0x00007fff734a4000 	/usr/lib/system/liblaunch.dylib
0x00007fff734a5000 	/usr/lib/system/libmacho.dylib
0x00007fff734ab000 	/usr/lib/system/libquarantine.dylib
0x00007fff734ae000 	/usr/lib/system/libremovefile.dylib
0x00007fff734b0000 	/usr/lib/system/libsystem_asl.dylib
0x00007fff734c8000 	/usr/lib/system/libsystem_blocks.dylib
0x00007fff734c9000 	/usr/lib/system/libsystem_c.dylib
0x00007fff73552000 	/usr/lib/system/libsystem_configuration.dylib
0x00007fff73556000 	/usr/lib/system/libsystem_coreservices.dylib
0x00007fff7355a000 	/usr/lib/system/libsystem_darwin.dylib
0x00007fff73561000 	/usr/lib/system/libsystem_dnssd.dylib
0x00007fff73568000 	/usr/lib/system/libsystem_info.dylib
0x00007fff735de000 	/usr/lib/system/libsystem_m.dylib
0x00007fff7362a000 	/usr/lib/system/libsystem_malloc.dylib
0x00007fff7364f000 	/usr/lib/system/libsystem_networkextension.dylib
0x00007fff7365b000 	/usr/lib/system/libsystem_notify.dylib
0x00007fff73678000 	/usr/lib/system/libsystem_sandbox.dylib
0x00007fff7367c000 	/usr/lib/system/libsystem_secinit.dylib
0x00007fff735b5000 	/usr/lib/system/libsystem_kernel.dylib
0x00007fff73663000 	/usr/lib/system/libsystem_platform.dylib
0x00007fff7366d000 	/usr/lib/system/libsystem_pthread.dylib
0x00007fff7367f000 	/usr/lib/system/libsystem_symptoms.dylib
0x00007fff73687000 	/usr/lib/system/libsystem_trace.dylib
0x00007fff7369e000 	/usr/lib/system/libunwind.dylib
0x00007fff736a4000 	/usr/lib/system/libxpc.dylib
0x00007fff70b2a000 	/usr/lib/libbsm.0.dylib
0x00007fff73497000 	/usr/lib/system/libkxld.dylib
0x00007fff56b10000 	/System/Library/PrivateFrameworks/AppleFSCompression.framework/Versions/A/AppleFSCompression
0x00007fff707af000 	/usr/lib/libOpenScriptingUtil.dylib
0x00007fff70e8d000 	/usr/lib/libcoretls.dylib
0x00007fff70ea4000 	/usr/lib/libcoretls_cfhelpers.dylib
0x00007fff72b31000 	/usr/lib/libpam.2.dylib
0x00007fff72cf4000 	/usr/lib/libsqlite3.dylib
0x00007fff7315c000 	/usr/lib/libxar.1.dylib
0x00007fff70b3b000 	/usr/lib/libbz2.1.0.dylib
0x00007fff71ab8000 	/usr/lib/liblzma.5.dylib
0x00007fff71fae000 	/usr/lib/libnetwork.dylib
0x00007fff7098f000 	/usr/lib/libapple_nghttp2.dylib
0x00007fff72b38000 	/usr/lib/libpcap.A.dylib
0x00007fff47855000 	/System/Library/Frameworks/CoreServices.framework/Versions/A/Frameworks/FSEvents.framework/Versions/A/FSEvents
0x00007fff47531000 	/System/Library/Frameworks/CoreServices.framework/Versions/A/Frameworks/CarbonCore.framework/Versions/A/CarbonCore
0x00007fff47a2a000 	/System/Library/Frameworks/CoreServices.framework/Versions/A/Frameworks/Metadata.framework/Versions/A/Metadata
0x00007fff47acd000 	/System/Library/Frameworks/CoreServices.framework/Versions/A/Frameworks/OSServices.framework/Versions/A/OSServices
0x00007fff47b19000 	/System/Library/Frameworks/CoreServices.framework/Versions/A/Frameworks/SearchKit.framework/Versions/A/SearchKit
0x00007fff474b2000 	/System/Library/Frameworks/CoreServices.framework/Versions/A/Frameworks/AE.framework/Versions/A/AE
0x00007fff4785e000 	/System/Library/Frameworks/CoreServices.framework/Versions/A/Frameworks/LaunchServices.framework/Versions/A/LaunchServices
0x00007fff4780a000 	/System/Library/Frameworks/CoreServices.framework/Versions/A/Frameworks/DictionaryServices.framework/Versions/A/DictionaryServices
0x00007fff47b88000 	/System/Library/Frameworks/CoreServices.framework/Versions/A/Frameworks/SharedFileList.framework/Versions/A/SharedFileList
0x00007fff4c309000 	/System/Library/Frameworks/NetFS.framework/Versions/A/NetFS
0x00007fff65d12000 	/System/Library/PrivateFrameworks/NetAuth.framework/Versions/A/NetAuth
0x00007fff701aa000 	/System/Library/PrivateFrameworks/login.framework/Versions/A/Frameworks/loginsupport.framework/Versions/A/loginsupport
0x00007fff6e1b6000 	/System/Library/PrivateFrameworks/TCC.framework/Versions/A/TCC
0x00007fff5a830000 	/System/Library/PrivateFrameworks/CoreNLP.framework/Versions/A/CoreNLP
0x00007fff65766000 	/System/Library/PrivateFrameworks/MetadataUtilities.framework/Versions/A/MetadataUtilities
0x00007fff71b99000 	/usr/lib/libmecabra.dylib
0x00007fff445d9000 	/System/Library/Frameworks/ApplicationServices.framework/Versions/A/Frameworks/ATS.framework/Versions/A/ATS
0x00007fff44944000 	/System/Library/Frameworks/ApplicationServices.framework/Versions/A/Frameworks/ColorSyncLegacy.framework/Versions/A/ColorSyncLegacy
0x00007fff449e5000 	/System/Library/Frameworks/ApplicationServices.framework/Versions/A/Frameworks/HIServices.framework/Versions/A/HIServices
0x00007fff44a38000 	/System/Library/Frameworks/ApplicationServices.framework/Versions/A/Frameworks/LangAnalysis.framework/Versions/A/LangAnalysis
0x00007fff44a47000 	/System/Library/Frameworks/ApplicationServices.framework/Versions/A/Frameworks/PrintCore.framework/Versions/A/PrintCore
0x00007fff44a94000 	/System/Library/Frameworks/ApplicationServices.framework/Versions/A/Frameworks/QD.framework/Versions/A/QD
0x00007fff44ad0000 	/System/Library/Frameworks/ApplicationServices.framework/Versions/A/Frameworks/SpeechSynthesis.framework/Versions/A/SpeechSynthesis
0x00007fff70bca000 	/usr/lib/libcompression.dylib
0x00007fff4610a000 	/System/Library/Frameworks/CoreDisplay.framework/Versions/A/CoreDisplay
0x00007fff4b10b000 	/System/Library/Frameworks/MetalPerformanceShaders.framework/Versions/A/MetalPerformanceShaders
0x00007fff42538000 	/System/Library/Frameworks/Accelerate.framework/Versions/A/Frameworks/vImage.framework/Versions/A/vImage
0x00007fff435b4000 	/System/Library/Frameworks/Accelerate.framework/Versions/A/Frameworks/vecLib.framework/Versions/A/vecLib
0x00007fff434fe000 	/System/Library/Frameworks/Accelerate.framework/Versions/A/Frameworks/vecLib.framework/Versions/A/libvMisc.dylib
0x00007fff43319000 	/System/Library/Frameworks/Accelerate.framework/Versions/A/Frameworks/vecLib.framework/Versions/A/libvDSP.dylib
0x00007fff42bd9000 	/System/Library/Frameworks/Accelerate.framework/Versions/A/Frameworks/vecLib.framework/Versions/A/libBLAS.dylib
0x00007fff42ec4000 	/System/Library/Frameworks/Accelerate.framework/Versions/A/Frameworks/vecLib.framework/Versions/A/libLAPACK.dylib
0x00007fff4326b000 	/System/Library/Frameworks/Accelerate.framework/Versions/A/Frameworks/vecLib.framework/Versions/A/libLinearAlgebra.dylib
0x00007fff43305000 	/System/Library/Frameworks/Accelerate.framework/Versions/A/Frameworks/vecLib.framework/Versions/A/libSparseBLAS.dylib
0x00007fff43281000 	/System/Library/Frameworks/Accelerate.framework/Versions/A/Frameworks/vecLib.framework/Versions/A/libQuadrature.dylib
0x00007fff42e51000 	/System/Library/Frameworks/Accelerate.framework/Versions/A/Frameworks/vecLib.framework/Versions/A/libBNNS.dylib
0x00007fff43287000 	/System/Library/Frameworks/Accelerate.framework/Versions/A/Frameworks/vecLib.framework/Versions/A/libSparse.dylib
0x00007fff61d57000 	/System/Library/PrivateFrameworks/GPUWrangler.framework/Versions/A/GPUWrangler
0x00007fff6418c000 	/System/Library/PrivateFrameworks/IOAccelerator.framework/Versions/A/IOAccelerator
0x00007fff64197000 	/System/Library/PrivateFrameworks/IOPresentment.framework/Versions/A/IOPresentment
0x00007fff5b639000 	/System/Library/PrivateFrameworks/DSExternalDisplay.framework/Versions/A/DSExternalDisplay
0x00007fff4f7bd000 	/System/Library/Frameworks/OpenGL.framework/Versions/A/Libraries/libCoreFSCache.dylib
0x00007fff4aef3000 	/System/Library/Frameworks/MetalPerformanceShaders.framework/Frameworks/MPSCore.framework/Versions/A/MPSCore
0x00007fff4af14000 	/System/Library/Frameworks/MetalPerformanceShaders.framework/Frameworks/MPSImage.framework/Versions/A/MPSImage
0x00007fff4afbc000 	/System/Library/Frameworks/MetalPerformanceShaders.framework/Frameworks/MPSNeuralNetwork.framework/Versions/A/MPSNeuralNetwork
0x00007fff4af93000 	/System/Library/Frameworks/MetalPerformanceShaders.framework/Frameworks/MPSMatrix.framework/Versions/A/MPSMatrix
0x00007fff4b0ef000 	/System/Library/Frameworks/MetalPerformanceShaders.framework/Frameworks/MPSRayIntersector.framework/Versions/A/MPSRayIntersector
0x00007fff6578f000 	/System/Library/PrivateFrameworks/MetalTools.framework/Versions/A/MetalTools
0x00007fff5620a000 	/System/Library/PrivateFrameworks/AggregateDictionary.framework/Versions/A/AggregateDictionary
0x00007fff7078f000 	/usr/lib/libMobileGestalt.dylib
0x00007fff4805a000 	/System/Library/Frameworks/CoreVideo.framework/Versions/A/CoreVideo
0x00007fff62bc7000 	/System/Library/PrivateFrameworks/GraphVisualizer.framework/Versions/A/GraphVisualizer
0x00007fff5c962000 	/System/Library/PrivateFrameworks/FaceCore.framework/Versions/A/FaceCore
0x00007fff4edd5000 	/System/Library/Frameworks/OpenCL.framework/Versions/A/OpenCL
0x00007fff70576000 	/usr/lib/libFosl_dynamic.dylib
0x00007fff665ea000 	/System/Library/PrivateFrameworks/OTSVG.framework/Versions/A/OTSVG
0x00007fff446dd000 	/System/Library/Frameworks/ApplicationServices.framework/Versions/A/Frameworks/ATS.framework/Versions/A/Resources/libFontParser.dylib
0x00007fff447fd000 	/System/Library/Frameworks/ApplicationServices.framework/Versions/A/Frameworks/ATS.framework/Versions/A/Resources/libFontRegistry.dylib
0x00007fff48fee000 	/System/Library/Frameworks/ImageIO.framework/Versions/A/Resources/libJPEG.dylib
0x00007fff49310000 	/System/Library/Frameworks/ImageIO.framework/Versions/A/Resources/libTIFF.dylib
0x00007fff492e6000 	/System/Library/Frameworks/ImageIO.framework/Versions/A/Resources/libPng.dylib
0x00007fff48f03000 	/System/Library/Frameworks/ImageIO.framework/Versions/A/Resources/libGIF.dylib
0x00007fff48f08000 	/System/Library/Frameworks/ImageIO.framework/Versions/A/Resources/libJP2.dylib
0x00007fff4930d000 	/System/Library/Frameworks/ImageIO.framework/Versions/A/Resources/libRadiance.dylib
0x00007fff56c69000 	/System/Library/PrivateFrameworks/AppleJPEG.framework/Versions/A/AppleJPEG
0x00007fff4f7c8000 	/System/Library/Frameworks/OpenGL.framework/Versions/A/Libraries/libGFXShared.dylib
0x00007fff4f98b000 	/System/Library/Frameworks/OpenGL.framework/Versions/A/Libraries/libGLU.dylib
0x00007fff4f7d1000 	/System/Library/Frameworks/OpenGL.framework/Versions/A/Libraries/libGL.dylib
0x00007fff4f7dd000 	/System/Library/Frameworks/OpenGL.framework/Versions/A/Libraries/libGLImage.dylib
0x00007fff4f7ba000 	/System/Library/Frameworks/OpenGL.framework/Versions/A/Libraries/libCVMSPluginSupport.dylib
0x00007fff4f7c3000 	/System/Library/Frameworks/OpenGL.framework/Versions/A/Libraries/libCoreVMClient.dylib
0x00007fff7151c000 	/usr/lib/libcups.2.dylib
0x00007fff4a408000 	/System/Library/Frameworks/Kerberos.framework/Versions/A/Kerberos
0x00007fff489b8000 	/System/Library/Frameworks/GSS.framework/Versions/A/GSS
0x00007fff72c88000 	/usr/lib/libresolv.9.dylib
0x00007fff71714000 	/usr/lib/libiconv.2.dylib
0x00007fff62d27000 	/System/Library/PrivateFrameworks/Heimdal.framework/Versions/A/Heimdal
0x00007fff716e3000 	/usr/lib/libheimdal-asn1.dylib
0x00007fff4ee4b000 	/System/Library/Frameworks/OpenDirectory.framework/Versions/A/OpenDirectory
0x00007fff5952c000 	/System/Library/PrivateFrameworks/CommonAuth.framework/Versions/A/CommonAuth
0x00007fff4ee2e000 	/System/Library/Frameworks/OpenDirectory.framework/Versions/A/Frameworks/CFOpenDirectory.framework/Versions/A/CFOpenDirectory
0x00007fff51fb9000 	/System/Library/Frameworks/SecurityFoundation.framework/Versions/A/SecurityFoundation
0x00007fff55719000 	/System/Library/PrivateFrameworks/APFS.framework/Versions/A/APFS
0x00007fff73158000 	/usr/lib/libutil.dylib
0x00007fff70bb8000 	/usr/lib/libcharset.1.dylib
0x00007fff56f05000 	/System/Library/PrivateFrameworks/AppleSauce.framework/Versions/A/AppleSauce
0x00007fff57093000 	/System/Library/PrivateFrameworks/AssertionServices.framework/Versions/A/AssertionServices
0x00007fff57906000 	/System/Library/PrivateFrameworks/BaseBoard.framework/Versions/A/BaseBoard
0x00007fff71ae8000 	/usr/lib/libmecab.1.0.0.dylib
0x00007fff716dd000 	/usr/lib/libgermantok.dylib
0x00007fff7097b000 	/usr/lib/libThaiTokenizer.dylib
0x00007fff704a2000 	/usr/lib/libChineseTokenizer.dylib
0x00007fff648c3000 	/System/Library/PrivateFrameworks/LanguageModeling.framework/Versions/A/LanguageModeling
0x00007fff5a246000 	/System/Library/PrivateFrameworks/CoreEmoji.framework/Versions/A/CoreEmoji
0x00007fff649bb000 	/System/Library/PrivateFrameworks/Lexicon.framework/Versions/A/Lexicon
0x00007fff64a03000 	/System/Library/PrivateFrameworks/LinguisticData.framework/Versions/A/LinguisticData
0x00007fff70bb9000 	/usr/lib/libcmph.dylib
0x00007fff5207a000 	/System/Library/Frameworks/ServiceManagement.framework/Versions/A/ServiceManagement
0x00007fff57859000 	/System/Library/PrivateFrameworks/BackgroundTaskManagement.framework/Versions/A/BackgroundTaskManagement
0x00007fff73252000 	/usr/lib/libxslt.1.dylib
0x00007fff457cd000 	/System/Library/Frameworks/Carbon.framework/Versions/A/Frameworks/Ink.framework/Versions/A/Ink
0x00007fff6e436000 	/System/Library/PrivateFrameworks/TextureIO.framework/Versions/A/TextureIO
0x00007fff709d0000 	/usr/lib/libate.dylib
0x00007fff5b595000 	/System/Library/PrivateFrameworks/CrashReporterSupport.framework/Versions/A/CrashReporterSupport
0x00007fff6b457000 	/System/Library/PrivateFrameworks/Sharing.framework/Versions/A/Sharing
0x00007fff573e5000 	/System/Library/PrivateFrameworks/AuthKit.framework/Versions/A/AuthKit
0x00007fff56808000 	/System/Library/PrivateFrameworks/Apple80211.framework/Versions/A/Apple80211
0x00007fff5b355000 	/System/Library/PrivateFrameworks/CoreUtils.framework/Versions/A/CoreUtils
0x00007fff48098000 	/System/Library/Frameworks/CoreWLAN.framework/Versions/A/CoreWLAN
0x00007fff48b02000 	/System/Library/Frameworks/IOBluetooth.framework/Versions/A/IOBluetooth
0x00007fff69779000 	/System/Library/PrivateFrameworks/ProtocolBuffer.framework/Versions/A/ProtocolBuffer
0x00007fff659cc000 	/System/Library/PrivateFrameworks/MobileKeyBag.framework/Versions/A/MobileKeyBag
0x00007fff5ab6d000 	/System/Library/PrivateFrameworks/CorePhoneNumbers.framework/Versions/A/CorePhoneNumbers
0x00007fff56c1d000 	/System/Library/PrivateFrameworks/AppleIDAuthSupport.framework/Versions/A/AppleIDAuthSupport
0x00007fff64894000 	/System/Library/PrivateFrameworks/KeychainCircle.framework/Versions/A/KeychainCircle
0x00007fff69946000 	/System/Library/PrivateFrameworks/ROCKit.framework/Versions/A/ROCKit
0x00007fff5b531000 	/System/Library/PrivateFrameworks/CoreWiFi.framework/Versions/A/CoreWiFi
0x00007fff45d3c000 	/System/Library/Frameworks/CoreBluetooth.framework/Versions/A/CoreBluetooth
0x00007fff5b785000 	/System/Library/PrivateFrameworks/DebugSymbols.framework/Versions/A/DebugSymbols
0x00007fff5b10a000 	/System/Library/PrivateFrameworks/CoreSymbolication.framework/Versions/A/CoreSymbolication
0x00007fff6dc20000 	/System/Library/PrivateFrameworks/Symbolication.framework/Versions/A/Symbolication
0x00007fff6cdb2000 	/System/Library/PrivateFrameworks/SpeechRecognitionCore.framework/Versions/A/SpeechRecognitionCore
0x000000010d600000 	/Library/Java/JavaVirtualMachines/jdk1.8.0_181.jdk/Contents/Home/jre/lib/server/libjvm.dylib
0x00007fff7301c000 	/usr/lib/libstdc++.6.dylib
0x000000010cdbc000 	/Library/Java/JavaVirtualMachines/jdk1.8.0_181.jdk/Contents/Home/jre/lib/libverify.dylib
0x000000010cdca000 	/Library/Java/JavaVirtualMachines/jdk1.8.0_181.jdk/Contents/Home/jre/lib/libjava.dylib
0x000000010e5b5000 	/Library/Java/JavaVirtualMachines/jdk1.8.0_181.jdk/Contents/Home/jre/lib/libjdwp.dylib
0x000000010e600000 	/Library/Java/JavaVirtualMachines/jdk1.8.0_181.jdk/Contents/Home/jre/lib/libnpt.dylib
0x000000010e604000 	/Library/Java/JavaVirtualMachines/jdk1.8.0_181.jdk/Contents/Home/jre/lib/libinstrument.dylib
0x000000010e6a2000 	/Library/Java/JavaVirtualMachines/jdk1.8.0_181.jdk/Contents/Home/jre/lib/libzip.dylib
0x0000000119ac8000 	/Library/Java/JavaVirtualMachines/jdk1.8.0_181.jdk/Contents/Home/jre/lib/libdt_socket.dylib

VM Arguments:
jvm_args: -agentlib:jdwp=transport=dt_socket,address=127.0.0.1:59323,suspend=y,server=n -javaagent:/Users/liuyang/Library/Caches/IntelliJIdea2018.2/captureAgent/debugger-agent.jar=file:/private/var/folders/k_/fnkpvf0s3y9f7yjghssg8cz00000gp/T/capture.props -Dfile.encoding=UTF-8 
java_command: com.ly.oj.leetcode.No_56_merge
java_class_path (initial): /Library/Java/JavaVirtualMachines/jdk1.8.0_181.jdk/Contents/Home/jre/lib/charsets.jar:/Library/Java/JavaVirtualMachines/jdk1.8.0_181.jdk/Contents/Home/jre/lib/deploy.jar:/Library/Java/JavaVirtualMachines/jdk1.8.0_181.jdk/Contents/Home/jre/lib/ext/cldrdata.jar:/Library/Java/JavaVirtualMachines/jdk1.8.0_181.jdk/Contents/Home/jre/lib/ext/dnsns.jar:/Library/Java/JavaVirtualMachines/jdk1.8.0_181.jdk/Contents/Home/jre/lib/ext/jaccess.jar:/Library/Java/JavaVirtualMachines/jdk1.8.0_181.jdk/Contents/Home/jre/lib/ext/jfxrt.jar:/Library/Java/JavaVirtualMachines/jdk1.8.0_181.jdk/Contents/Home/jre/lib/ext/localedata.jar:/Library/Java/JavaVirtualMachines/jdk1.8.0_181.jdk/Contents/Home/jre/lib/ext/nashorn.jar:/Library/Java/JavaVirtualMachines/jdk1.8.0_181.jdk/Contents/Home/jre/lib/ext/sunec.jar:/Library/Java/JavaVirtualMachines/jdk1.8.0_181.jdk/Contents/Home/jre/lib/ext/sunjce_provider.jar:/Library/Java/JavaVirtualMachines/jdk1.8.0_181.jdk/Contents/Home/jre/lib/ext/sunpkcs11.jar:/Library/Java/JavaVirtualMachines/jdk1.8.0_181.jdk/Contents/Home/jre/lib/ext/zipfs.jar:/Library/Java/JavaVirtualMachines/jdk1.8.0_181.jdk/Contents/Home/jre/lib/javaws.jar:/Library/Java/JavaVirtualMachines/jdk1.8.0_181.jdk/Contents/Home/jre/lib/jce.jar:/Library/Java/JavaVirtualMachines/jdk1.8.0_181.jdk/Contents/Home/jre/lib/jfr.jar:/Library/Java/JavaVirtualMachines/jdk1.8.0_181.jdk/Contents/Home/jre/lib/jfxswt.jar:/Library/Java/JavaVirtualMachines/jdk1.8.0_181.jdk/Contents/Home/jre/lib/jsse.jar:/Library/Java/JavaVirtualMachines/jdk1.8.0_181.jdk/Contents/Home/jre/lib/management-agent.jar:/Library/Java/JavaVirtualMachines/jdk1.8.0_181.jdk/Contents/Home/jre/lib/plugin.jar:/Library/Java/JavaVirtualMachines/jdk1.8.0_181.jdk/Contents/Home/jre/lib/resources.jar:/Library/Java/JavaVirtualMachines/jdk1.8.0_181.jdk/Contents/Home/jre/lib/rt.jar:/Library/Java/JavaVirtualMachines/jdk1.8.0_181.jdk/Contents/Home/lib/ant-javafx.jar:/Library/Java/JavaVirtualMachines/jdk1.8.0_181.jdk/Contents/Home
Launcher Type: SUN_STANDARD

Environment Variables:
PATH=/Users/liuyang/.nvm/versions/node/v8.12.0/bin:/usr/local/bin:/usr/bin:/bin:/usr/sbin:/sbin
SHELL=/bin/bash

Signal Handlers:
SIGSEGV: [libjvm.dylib+0x5b6029], sa_mask[0]=11111111011111110111111111111111, sa_flags=SA_ONSTACK|SA_RESTART|SA_SIGINFO
SIGBUS: [libjvm.dylib+0x5b6029], sa_mask[0]=11111111011111110111111111111111, sa_flags=SA_RESTART|SA_SIGINFO
SIGFPE: [libjvm.dylib+0x48b934], sa_mask[0]=11111111011111110111111111111111, sa_flags=SA_RESTART|SA_SIGINFO
SIGPIPE: [libjvm.dylib+0x48b934], sa_mask[0]=11111111011111110111111111111111, sa_flags=SA_RESTART|SA_SIGINFO
SIGXFSZ: [libjvm.dylib+0x48b934], sa_mask[0]=11111111011111110111111111111111, sa_flags=SA_RESTART|SA_SIGINFO
SIGILL: [libjvm.dylib+0x48b934], sa_mask[0]=11111111011111110111111111111111, sa_flags=SA_RESTART|SA_SIGINFO
SIGUSR1: SIG_DFL, sa_mask[0]=00000000000000000000000000000000, sa_flags=none
SIGUSR2: [libjvm.dylib+0x48b452], sa_mask[0]=00100000000000000000000000000000, sa_flags=SA_RESTART|SA_SIGINFO
SIGHUP: [libjvm.dylib+0x489a1d], sa_mask[0]=11111111011111110111111111111111, sa_flags=SA_RESTART|SA_SIGINFO
SIGINT: [libjvm.dylib+0x489a1d], sa_mask[0]=11111111011111110111111111111111, sa_flags=SA_RESTART|SA_SIGINFO
SIGTERM: [libjvm.dylib+0x489a1d], sa_mask[0]=11111111011111110111111111111111, sa_flags=SA_RESTART|SA_SIGINFO
SIGQUIT: [libjvm.dylib+0x489a1d], sa_mask[0]=11111111011111110111111111111111, sa_flags=SA_RESTART|SA_SIGINFO


---------------  S Y S T E M  ---------------

OS:Bsduname:Darwin 18.2.0 Darwin Kernel Version 18.2.0: Thu Dec 20 20:46:53 PST 2018; root:xnu-4903.241.1~1/RELEASE_X86_64 x86_64
rlimit: STACK 8192k, CORE 0k, NPROC 1418, NOFILE 10240, AS infinity
load average:2.66 2.63 2.56

CPU:total 4 (initial active 4) (2 cores per cpu, 2 threads per core) family 6 model 142 stepping 9, cmov, cx8, fxsr, mmx, sse, sse2, sse3, ssse3, sse4.1, sse4.2, popcnt, avx, avx2, aes, clmul, erms, rtm, 3dnowpref, lzcnt, ht, tsc, tscinvbit, bmi1, bmi2, adx

Memory: 4k page, physical 16777216k(631264k free)

/proc/meminfo:


vm_info: Java HotSpot(TM) 64-Bit Server VM (25.181-b13) for bsd-amd64 JRE (1.8.0_181-b13), built on Jul  7 2018 01:02:31 by "java_re" with gcc 4.2.1 (Based on Apple Inc. build 5658) (LLVM build 2336.11.00)

time: Fri Feb 22 20:59:25 2019
elapsed time: 1339 seconds (0d 0h 22m 19s)

